INFO  2018-11-12 11:37:33,599 org.hibernate.cfg.annotations.Version - Hibernate Annotations 3.4.0.GA
INFO  2018-11-12 11:37:33,614 org.hibernate.cfg.Environment - Hibernate 3.3.2.GA
INFO  2018-11-12 11:37:33,614 org.hibernate.cfg.Environment - hibernate.properties not found
INFO  2018-11-12 11:37:33,614 org.hibernate.cfg.Environment - Bytecode provider name : javassist
INFO  2018-11-12 11:37:33,614 org.hibernate.cfg.Environment - using JDK 1.4 java.sql.Timestamp handling
INFO  2018-11-12 11:37:33,677 org.hibernate.annotations.common.Version - Hibernate Commons Annotations 3.1.0.GA
INFO  2018-11-12 11:37:33,677 org.hibernate.ejb.Version - Hibernate EntityManager 3.4.0.GA
INFO  2018-11-12 11:37:33,864 org.hibernate.cfg.AnnotationBinder - Binding entity from annotated class: es.caib.digitalib.jpa.ConfiguracioGrupJPA
INFO  2018-11-12 11:37:33,879 org.hibernate.cfg.annotations.EntityBinder - Bind entity es.caib.digitalib.jpa.ConfiguracioGrupJPA on table dib_configuraciogrup
INFO  2018-11-12 11:37:33,926 org.hibernate.cfg.AnnotationBinder - Binding entity from annotated class: es.caib.digitalib.jpa.FitxerJPA
INFO  2018-11-12 11:37:33,926 org.hibernate.cfg.annotations.EntityBinder - Bind entity es.caib.digitalib.jpa.FitxerJPA on table dib_fitxer
INFO  2018-11-12 11:37:33,926 org.hibernate.cfg.AnnotationBinder - Binding entity from annotated class: es.caib.digitalib.jpa.IdiomaJPA
INFO  2018-11-12 11:37:33,926 org.hibernate.cfg.annotations.EntityBinder - Bind entity es.caib.digitalib.jpa.IdiomaJPA on table dib_idioma
INFO  2018-11-12 11:37:33,942 org.hibernate.cfg.AnnotationBinder - Binding entity from annotated class: es.caib.digitalib.jpa.PerfilJPA
INFO  2018-11-12 11:37:33,942 org.hibernate.cfg.annotations.EntityBinder - Bind entity es.caib.digitalib.jpa.PerfilJPA on table dib_perfil
INFO  2018-11-12 11:37:33,942 org.hibernate.cfg.AnnotationBinder - Binding entity from annotated class: es.caib.digitalib.jpa.PerfilUsuariAplicacioJPA
INFO  2018-11-12 11:37:33,942 org.hibernate.cfg.annotations.EntityBinder - Bind entity es.caib.digitalib.jpa.PerfilUsuariAplicacioJPA on table dib_perfilusrapp
INFO  2018-11-12 11:37:33,957 org.hibernate.cfg.AnnotationBinder - Binding entity from annotated class: es.caib.digitalib.jpa.PluginJPA
INFO  2018-11-12 11:37:33,957 org.hibernate.cfg.annotations.EntityBinder - Bind entity es.caib.digitalib.jpa.PluginJPA on table dib_plugin
INFO  2018-11-12 11:37:33,957 org.hibernate.cfg.AnnotationBinder - Binding entity from annotated class: es.caib.digitalib.jpa.TraduccioJPA
INFO  2018-11-12 11:37:33,973 org.hibernate.cfg.annotations.EntityBinder - Bind entity es.caib.digitalib.jpa.TraduccioJPA on table dib_traduccio
INFO  2018-11-12 11:37:33,973 org.hibernate.cfg.AnnotationBinder - Binding entity from annotated class: es.caib.digitalib.jpa.UsuariAplicacioJPA
INFO  2018-11-12 11:37:33,973 org.hibernate.cfg.annotations.EntityBinder - Bind entity es.caib.digitalib.jpa.UsuariAplicacioJPA on table dib_usuariaplicacio
INFO  2018-11-12 11:37:33,973 org.hibernate.cfg.AnnotationBinder - Binding entity from annotated class: es.caib.digitalib.jpa.UsuariPersonaJPA
INFO  2018-11-12 11:37:33,973 org.hibernate.cfg.annotations.EntityBinder - Bind entity es.caib.digitalib.jpa.UsuariPersonaJPA on table dib_usuaripersona
INFO  2018-11-12 11:37:34,004 org.hibernate.cfg.annotations.CollectionBinder - Mapping collection: es.caib.digitalib.jpa.ConfiguracioGrupJPA.usuariPersonas -> dib_usuaripersona
INFO  2018-11-12 11:37:34,004 org.hibernate.cfg.annotations.CollectionBinder - Mapping collection: es.caib.digitalib.jpa.FitxerJPA.configuracioGrup_logofooterids -> dib_configuraciogrup
INFO  2018-11-12 11:37:34,004 org.hibernate.cfg.annotations.CollectionBinder - Mapping collection: es.caib.digitalib.jpa.FitxerJPA.configuracioGrup_logoheaderids -> dib_configuraciogrup
INFO  2018-11-12 11:37:34,004 org.hibernate.cfg.annotations.CollectionBinder - Mapping collection: es.caib.digitalib.jpa.IdiomaJPA.usuariPersonas -> dib_usuaripersona
INFO  2018-11-12 11:37:34,004 org.hibernate.cfg.annotations.CollectionBinder - Mapping collection: es.caib.digitalib.jpa.PerfilJPA.perfilUsuariAplicacios -> dib_perfilusrapp
INFO  2018-11-12 11:37:34,020 org.hibernate.cfg.annotations.CollectionBinder - Mapping collection: es.caib.digitalib.jpa.PluginJPA.perfil_pluginarxiuids -> dib_perfil
INFO  2018-11-12 11:37:34,020 org.hibernate.cfg.annotations.CollectionBinder - Mapping collection: es.caib.digitalib.jpa.PluginJPA.perfil_plugindoccustodyids -> dib_perfil
INFO  2018-11-12 11:37:34,020 org.hibernate.cfg.annotations.CollectionBinder - Mapping collection: es.caib.digitalib.jpa.PluginJPA.perfil_pluginfirmaservidorids -> dib_perfil
INFO  2018-11-12 11:37:34,020 org.hibernate.cfg.annotations.CollectionBinder - Mapping collection: es.caib.digitalib.jpa.PluginJPA.perfil_pluginscanwebids -> dib_perfil
INFO  2018-11-12 11:37:34,020 org.hibernate.cfg.annotations.CollectionBinder - Mapping collection: es.caib.digitalib.jpa.UsuariAplicacioJPA.perfilUsuariAplicacios -> dib_perfilusrapp
INFO  2018-11-12 11:37:34,035 org.hibernate.cfg.AnnotationConfiguration - Hibernate Validator not found: ignoring
INFO  2018-11-12 11:37:34,051 org.hibernate.cfg.Configuration - Reading mappings from resource : META-INF/persistence.xml
INFO  2018-11-12 11:37:34,098 org.hibernate.dialect.Dialect - Using dialect: org.fundaciobit.genapp.gensql.Oracle10gDialectCAIB
INFO  2018-11-12 11:37:34,145 org.hibernate.tool.hbm2ddl.SchemaExport - Running hbm2ddl schema export
INFO  2018-11-12 11:37:34,145 org.hibernate.tool.hbm2ddl.SchemaExport - writing generated schema to file: D:\dades\dades\CarpetesPersonals\ProgramacioPortaFIB2\digitalib\scripts\sqlgenerator\digitalib_create_schema.sql
INFO  2018-11-12 11:37:34,410 org.hibernate.tool.hbm2ddl.SchemaExport - schema export complete
